<?xml version="1.0" encoding="UTF-8" standalone="no"?><!DOCTYPE report PUBLIC "-//JACOCO//DTD Report 1.1//EN" "report.dtd"><report name="Pester (11/28/2022 10:24:18)"><sessioninfo id="this" start="1669631055109" dump="1669631058416" /><package name="PortableLcm"><class name="PortableLcm/PortableLcm" sourcefilename="PortableLcm.psm1"><method name="&lt;script&gt;" desc="()" line="4"><counter type="INSTRUCTION" missed="0" covered="2" /><counter type="LINE" missed="0" covered="2" /><counter type="METHOD" missed="0" covered="1" /></method><method name="Resource" desc="()" line="34"><counter type="INSTRUCTION" missed="1" covered="7" /><counter type="LINE" missed="1" covered="7" /><counter type="METHOD" missed="1" covered="0" /></method><method name="Initialize-MofResources" desc="()" line="77"><counter type="INSTRUCTION" missed="9" covered="13" /><counter type="LINE" missed="6" covered="9" /><counter type="METHOD" missed="0" covered="1" /></method><method name="Convert-MofResource" desc="()" line="148"><counter type="INSTRUCTION" missed="0" covered="10" /><counter type="LINE" missed="0" covered="9" /><counter type="METHOD" missed="0" covered="1" /></method><method name="Test-MandatoryParameter" desc="()" line="201"><counter type="INSTRUCTION" missed="4" covered="14" /><counter type="LINE" missed="2" covered="9" /><counter type="METHOD" missed="0" covered="1" /></method><method name="Test-ModulePresent" desc="()" line="248"><counter type="INSTRUCTION" missed="1" covered="9" /><counter type="LINE" missed="1" covered="4" /><counter type="METHOD" missed="0" covered="1" /></method><method name="Test-Parameter" desc="()" line="300"><counter type="INSTRUCTION" missed="0" covered="12" /><counter type="LINE" missed="0" covered="12" /><counter type="METHOD" missed="0" covered="1" /></method><method name="Import-TempFunction" desc="()" line="363"><counter type="INSTRUCTION" missed="0" covered="12" /><counter type="LINE" missed="0" covered="8" /><counter type="METHOD" missed="0" covered="1" /></method><method name="Test-MofResource" desc="()" line="413"><counter type="INSTRUCTION" missed="7" covered="15" /><counter type="LINE" missed="4" covered="11" /><counter type="METHOD" missed="0" covered="1" /></method><method name="Set-MofResource" desc="()" line="494"><counter type="INSTRUCTION" missed="14" covered="0" /><counter type="LINE" missed="10" covered="0" /><counter type="METHOD" missed="1" covered="0" /></method><method name="Get-MofResources" desc="()" line="540"><counter type="INSTRUCTION" missed="5" covered="14" /><counter type="LINE" missed="3" covered="11" /><counter type="METHOD" missed="0" covered="1" /></method><method name="Test-MofConfig" desc="()" line="597"><counter type="INSTRUCTION" missed="0" covered="5" /><counter type="LINE" missed="0" covered="5" /><counter type="METHOD" missed="0" covered="1" /></method><method name="Assert-MofConfig" desc="()" line="641"><counter type="INSTRUCTION" missed="1" covered="9" /><counter type="LINE" missed="1" covered="8" /><counter type="METHOD" missed="0" covered="1" /></method><counter type="INSTRUCTION" missed="42" covered="122" /><counter type="LINE" missed="28" covered="95" /><counter type="METHOD" missed="2" covered="11" /><counter type="CLASS" missed="0" covered="1" /></class><class name="PortableLcm/test" sourcefilename="test.ps1"><method name="&lt;script&gt;" desc="()" line="5"><counter type="INSTRUCTION" missed="1" covered="0" /><counter type="LINE" missed="1" covered="0" /><counter type="METHOD" missed="1" covered="0" /></method><counter type="INSTRUCTION" missed="1" covered="0" /><counter type="LINE" missed="1" covered="0" /><counter type="METHOD" missed="1" covered="0" /><counter type="CLASS" missed="1" covered="0" /></class><sourcefile name="PortableLcm.psm1"><line nr="4" mi="0" ci="1" mb="0" cb="0" /><line nr="34" mi="1" ci="0" mb="0" cb="0" /><line nr="39" mi="0" ci="1" mb="0" cb="0" /><line nr="40" mi="0" ci="1" mb="0" cb="0" /><line nr="41" mi="0" ci="1" mb="0" cb="0" /><line nr="42" mi="0" ci="1" mb="0" cb="0" /><line nr="43" mi="0" ci="1" mb="0" cb="0" /><line nr="44" mi="0" ci="1" mb="0" cb="0" /><line nr="45" mi="0" ci="1" mb="0" cb="0" /><line nr="77" mi="0" ci="1" mb="0" cb="0" /><line nr="78" mi="0" ci="1" mb="0" cb="0" /><line nr="79" mi="0" ci="2" mb="0" cb="0" /><line nr="80" mi="0" ci="1" mb="0" cb="0" /><line nr="82" mi="0" ci="1" mb="0" cb="0" /><line nr="83" mi="0" ci="2" mb="0" cb="0" /><line nr="84" mi="0" ci="2" mb="0" cb="0" /><line nr="86" mi="0" ci="2" mb="0" cb="0" /><line nr="88" mi="1" ci="0" mb="0" cb="0" /><line nr="90" mi="2" ci="0" mb="0" cb="0" /><line nr="91" mi="1" ci="0" mb="0" cb="0" /><line nr="94" mi="2" ci="0" mb="0" cb="0" /><line nr="96" mi="1" ci="0" mb="0" cb="0" /><line nr="98" mi="2" ci="0" mb="0" cb="0" /><line nr="103" mi="0" ci="1" mb="0" cb="0" /><line nr="148" mi="0" ci="1" mb="0" cb="0" /><line nr="149" mi="0" ci="1" mb="0" cb="0" /><line nr="150" mi="0" ci="2" mb="0" cb="0" /><line nr="151" mi="0" ci="1" mb="0" cb="0" /><line nr="153" mi="0" ci="1" mb="0" cb="0" /><line nr="156" mi="0" ci="1" mb="0" cb="0" /><line nr="157" mi="0" ci="1" mb="0" cb="0" /><line nr="159" mi="0" ci="1" mb="0" cb="0" /><line nr="162" mi="0" ci="1" mb="0" cb="0" /><line nr="201" mi="0" ci="1" mb="0" cb="0" /><line nr="202" mi="0" ci="1" mb="0" cb="0" /><line nr="203" mi="0" ci="1" mb="0" cb="0" /><line nr="204" mi="0" ci="1" mb="0" cb="0" /><line nr="205" mi="0" ci="1" mb="0" cb="0" /><line nr="207" mi="0" ci="1" mb="0" cb="0" /><line nr="209" mi="0" ci="2" mb="0" cb="0" /><line nr="210" mi="1" ci="4" mb="0" cb="0" /><line nr="212" mi="2" ci="0" mb="0" cb="0" /><line nr="213" mi="1" ci="0" mb="0" cb="0" /><line nr="218" mi="0" ci="2" mb="0" cb="0" /><line nr="248" mi="0" ci="5" mb="0" cb="0" /><line nr="249" mi="0" ci="1" mb="0" cb="0" /><line nr="251" mi="0" ci="2" mb="0" cb="0" /><line nr="252" mi="0" ci="1" mb="0" cb="0" /><line nr="256" mi="1" ci="0" mb="0" cb="0" /><line nr="300" mi="0" ci="1" mb="0" cb="0" /><line nr="301" mi="0" ci="1" mb="0" cb="0" /><line nr="302" mi="0" ci="1" mb="0" cb="0" /><line nr="303" mi="0" ci="1" mb="0" cb="0" /><line nr="304" mi="0" ci="1" mb="0" cb="0" /><line nr="306" mi="0" ci="1" mb="0" cb="0" /><line nr="308" mi="0" ci="1" mb="0" cb="0" /><line nr="310" mi="0" ci="1" mb="0" cb="0" /><line nr="315" mi="0" ci="1" mb="0" cb="0" /><line nr="316" mi="0" ci="1" mb="0" cb="0" /><line nr="317" mi="0" ci="1" mb="0" cb="0" /><line nr="318" mi="0" ci="1" mb="0" cb="0" /><line nr="363" mi="0" ci="1" mb="0" cb="0" /><line nr="364" mi="0" ci="1" mb="0" cb="0" /><line nr="365" mi="0" ci="4" mb="0" cb="0" /><line nr="366" mi="0" ci="2" mb="0" cb="0" /><line nr="368" mi="0" ci="1" mb="0" cb="0" /><line nr="371" mi="0" ci="1" mb="0" cb="0" /><line nr="372" mi="0" ci="1" mb="0" cb="0" /><line nr="373" mi="0" ci="1" mb="0" cb="0" /><line nr="413" mi="0" ci="1" mb="0" cb="0" /><line nr="417" mi="0" ci="1" mb="0" cb="0" /><line nr="418" mi="0" ci="1" mb="0" cb="0" /><line nr="420" mi="0" ci="2" mb="0" cb="0" /><line nr="421" mi="0" ci="1" mb="0" cb="0" /><line nr="422" mi="0" ci="2" mb="0" cb="0" /><line nr="425" mi="0" ci="2" mb="0" cb="0" /><line nr="429" mi="2" ci="0" mb="0" cb="0" /><line nr="432" mi="0" ci="1" mb="0" cb="0" /><line nr="434" mi="0" ci="2" mb="0" cb="0" /><line nr="438" mi="2" ci="0" mb="0" cb="0" /><line nr="443" mi="2" ci="0" mb="0" cb="0" /><line nr="448" mi="1" ci="0" mb="0" cb="0" /><line nr="452" mi="0" ci="1" mb="0" cb="0" /><line nr="455" mi="0" ci="1" mb="0" cb="0" /><line nr="494" mi="1" ci="0" mb="0" cb="0" /><line nr="498" mi="1" ci="0" mb="0" cb="0" /><line nr="499" mi="1" ci="0" mb="0" cb="0" /><line nr="501" mi="2" ci="0" mb="0" cb="0" /><line nr="502" mi="1" ci="0" mb="0" cb="0" /><line nr="503" mi="2" ci="0" mb="0" cb="0" /><line nr="505" mi="2" ci="0" mb="0" cb="0" /><line nr="509" mi="2" ci="0" mb="0" cb="0" /><line nr="515" mi="1" ci="0" mb="0" cb="0" /><line nr="519" mi="1" ci="0" mb="0" cb="0" /><line nr="540" mi="0" ci="1" mb="0" cb="0" /><line nr="545" mi="0" ci="1" mb="0" cb="0" /><line nr="547" mi="2" ci="0" mb="0" cb="0" /><line nr="548" mi="2" ci="0" mb="0" cb="0" /><line nr="552" mi="0" ci="1" mb="0" cb="0" /><line nr="557" mi="0" ci="1" mb="0" cb="0" /><line nr="558" mi="0" ci="1" mb="0" cb="0" /><line nr="560" mi="0" ci="3" mb="0" cb="0" /><line nr="561" mi="0" ci="2" mb="0" cb="0" /><line nr="563" mi="0" ci="1" mb="0" cb="0" /><line nr="565" mi="0" ci="1" mb="0" cb="0" /><line nr="569" mi="0" ci="1" mb="0" cb="0" /><line nr="573" mi="1" ci="0" mb="0" cb="0" /><line nr="577" mi="0" ci="1" mb="0" cb="0" /><line nr="597" mi="0" ci="1" mb="0" cb="0" /><line nr="606" mi="0" ci="1" mb="0" cb="0" /><line nr="607" mi="0" ci="1" mb="0" cb="0" /><line nr="609" mi="0" ci="1" mb="0" cb="0" /><line nr="611" mi="0" ci="1" mb="0" cb="0" /><line nr="641" mi="0" ci="1" mb="0" cb="0" /><line nr="654" mi="0" ci="1" mb="0" cb="0" /><line nr="655" mi="0" ci="1" mb="0" cb="0" /><line nr="657" mi="0" ci="1" mb="0" cb="0" /><line nr="659" mi="0" ci="2" mb="0" cb="0" /><line nr="660" mi="0" ci="1" mb="0" cb="0" /><line nr="661" mi="0" ci="1" mb="0" cb="0" /><line nr="663" mi="0" ci="1" mb="0" cb="0" /><line nr="665" mi="1" ci="0" mb="0" cb="0" /><line nr="671" mi="0" ci="1" mb="0" cb="0" /><counter type="INSTRUCTION" missed="42" covered="122" /><counter type="LINE" missed="28" covered="95" /><counter type="METHOD" missed="2" covered="11" /><counter type="CLASS" missed="0" covered="1" /></sourcefile><sourcefile name="test.ps1"><line nr="5" mi="1" ci="0" mb="0" cb="0" /><counter type="INSTRUCTION" missed="1" covered="0" /><counter type="LINE" missed="1" covered="0" /><counter type="METHOD" missed="1" covered="0" /><counter type="CLASS" missed="1" covered="0" /></sourcefile><counter type="INSTRUCTION" missed="43" covered="122" /><counter type="LINE" missed="29" covered="95" /><counter type="METHOD" missed="3" covered="11" /><counter type="CLASS" missed="1" covered="1" /></package><counter type="INSTRUCTION" missed="43" covered="122" /><counter type="LINE" missed="29" covered="95" /><counter type="METHOD" missed="3" covered="11" /><counter type="CLASS" missed="1" covered="1" /></report>
